# JRE version: OpenJDK Runtime Environment (8.0_152) (build 1.8.0_152-release-1343-b16-5323222)
# Java VM: OpenJDK 64-Bit Server VM (25.152-b16-5323222 mixed mode linux-amd64 compressed oops)
Heap:
 PSYoungGen      total 467968K, used 0K [0x00000000e0000000, 0x0000000100000000, 0x0000000100000000)
  eden space 411648K, 0% used [0x00000000e0000000,0x00000000e0000000,0x00000000f9200000)
  from space 56320K, 0% used [0x00000000f9200000,0x00000000f9200000,0x00000000fc900000)
  to   space 56320K, 0% used [0x00000000fc900000,0x00000000fc900000,0x0000000100000000)
 ParOldGen       total 463872K, used 327355K [0x00000000a0000000, 0x00000000bc500000, 0x00000000e0000000)
  object space 463872K, 70% used [0x00000000a0000000,0x00000000b3faed78,0x00000000bc500000)
 Metaspace       used 124404K, capacity 132353K, committed 138136K, reserved 1169408K
  class space    used 14812K, capacity 16148K, committed 17304K, reserved 1048576K
GC Heap History (10 events):
Event: 9241.223 GC heap after
Heap after GC invocations=175 (full 13):
 PSYoungGen      total 488960K, used 16346K [0x00000000e0000000, 0x00000000ffe80000, 0x0000000100000000)
  eden space 453632K, 0% used [0x00000000e0000000,0x00000000e0000000,0x00000000fbb00000)
  from space 35328K, 46% used [0x00000000fbb00000,0x00000000fcaf6b50,0x00000000fdd80000)
  to   space 33280K, 0% used [0x00000000fde00000,0x00000000fde00000,0x00000000ffe80000)
 ParOldGen       total 463872K, used 274992K [0x00000000a0000000, 0x00000000bc500000, 0x00000000e0000000)
  object space 463872K, 59% used [0x00000000a0000000,0x00000000b0c8c100,0x00000000bc500000)
 Metaspace       used 124318K, capacity 132209K, committed 138136K, reserved 1169408K
  class space    used 14806K, capacity 16108K, committed 17304K, reserved 1048576K
}
Event: 9241.809 GC heap before
{Heap before GC invocations=176 (full 13):
 PSYoungGen      total 488960K, used 469978K [0x00000000e0000000, 0x00000000ffe80000, 0x0000000100000000)
  eden space 453632K, 100% used [0x00000000e0000000,0x00000000fbb00000,0x00000000fbb00000)
  from space 35328K, 46% used [0x00000000fbb00000,0x00000000fcaf6b50,0x00000000fdd80000)
  to   space 33280K, 0% used [0x00000000fde00000,0x00000000fde00000,0x00000000ffe80000)
 ParOldGen       total 463872K, used 274992K [0x00000000a0000000, 0x00000000bc500000, 0x00000000e0000000)
  object space 463872K, 59% used [0x00000000a0000000,0x00000000b0c8c100,0x00000000bc500000)
 Metaspace       used 124321K, capacity 132215K, committed 138136K, reserved 1169408K
  class space    used 14806K, capacity 16109K, committed 17304K, reserved 1048576K
Event: 9241.860 GC heap after
Heap after GC invocations=176 (full 13):
 PSYoungGen      total 485376K, used 13928K [0x00000000e0000000, 0x00000000ffb00000, 0x0000000100000000)
  eden space 455680K, 0% used [0x00000000e0000000,0x00000000e0000000,0x00000000fbd00000)
  from space 29696K, 46% used [0x00000000fde00000,0x00000000feb9a200,0x00000000ffb00000)
  to   space 31744K, 0% used [0x00000000fbd00000,0x00000000fbd00000,0x00000000fdc00000)
 ParOldGen       total 463872K, used 283606K [0x00000000a0000000, 0x00000000bc500000, 0x00000000e0000000)
  object space 463872K, 61% used [0x00000000a0000000,0x00000000b14f59f0,0x00000000bc500000)
 Metaspace       used 124321K, capacity 132215K, committed 138136K, reserved 1169408K
  class space    used 14806K, capacity 16109K, committed 17304K, reserved 1048576K
}
Event: 9242.451 GC heap before
{Heap before GC invocations=177 (full 13):
 PSYoungGen      total 485376K, used 469608K [0x00000000e0000000, 0x00000000ffb00000, 0x0000000100000000)
  eden space 455680K, 100% used [0x00000000e0000000,0x00000000fbd00000,0x00000000fbd00000)
  from space 29696K, 46% used [0x00000000fde00000,0x00000000feb9a200,0x00000000ffb00000)
  to   space 31744K, 0% used [0x00000000fbd00000,0x00000000fbd00000,0x00000000fdc00000)
 ParOldGen       total 463872K, used 283606K [0x00000000a0000000, 0x00000000bc500000, 0x00000000e0000000)
  object space 463872K, 61% used [0x00000000a0000000,0x00000000b14f59f0,0x00000000bc500000)
 Metaspace       used 124324K, capacity 132215K, committed 138136K, reserved 1169408K
  class space    used 14806K, capacity 16109K, committed 17304K, reserved 1048576K
Event: 9242.497 GC heap after
Heap after GC invocations=177 (full 13):
 PSYoungGen      total 487424K, used 14291K [0x00000000e0000000, 0x0000000100000000, 0x0000000100000000)
  eden space 455680K, 0% used [0x00000000e0000000,0x00000000e0000000,0x00000000fbd00000)
  from space 31744K, 45% used [0x00000000fbd00000,0x00000000fcaf4d10,0x00000000fdc00000)
  to   space 30720K, 0% used [0x00000000fe200000,0x00000000fe200000,0x0000000100000000)
 ParOldGen       total 463872K, used 296764K [0x00000000a0000000, 0x00000000bc500000, 0x00000000e0000000)
  object space 463872K, 63% used [0x00000000a0000000,0x00000000b21cf2b0,0x00000000bc500000)
 Metaspace       used 124324K, capacity 132215K, committed 138136K, reserved 1169408K
  class space    used 14806K, capacity 16109K, committed 17304K, reserved 1048576K
}
Event: 9248.295 GC heap before
{Heap before GC invocations=178 (full 13):
 PSYoungGen      total 487424K, used 469971K [0x00000000e0000000, 0x0000000100000000, 0x0000000100000000)
  eden space 455680K, 100% used [0x00000000e0000000,0x00000000fbd00000,0x00000000fbd00000)
  from space 31744K, 45% used [0x00000000fbd00000,0x00000000fcaf4d10,0x00000000fdc00000)
  to   space 30720K, 0% used [0x00000000fe200000,0x00000000fe200000,0x0000000100000000)
 ParOldGen       total 463872K, used 296764K [0x00000000a0000000, 0x00000000bc500000, 0x00000000e0000000)
  object space 463872K, 63% used [0x00000000a0000000,0x00000000b21cf2b0,0x00000000bc500000)
 Metaspace       used 124402K, capacity 132353K, committed 138136K, reserved 1169408K
  class space    used 14812K, capacity 16148K, committed 17304K, reserved 1048576K
Event: 9248.362 GC heap after
Heap after GC invocations=178 (full 13):
 PSYoungGen      total 442368K, used 30715K [0x00000000e0000000, 0x0000000100000000, 0x0000000100000000)
  eden space 411648K, 0% used [0x00000000e0000000,0x00000000e0000000,0x00000000f9200000)
  from space 30720K, 99% used [0x00000000fe200000,0x00000000ffffedb0,0x0000000100000000)
  to   space 56320K, 0% used [0x00000000f9200000,0x00000000f9200000,0x00000000fc900000)
 ParOldGen       total 463872K, used 354470K [0x00000000a0000000, 0x00000000bc500000, 0x00000000e0000000)
  object space 463872K, 76% used [0x00000000a0000000,0x00000000b5a298a8,0x00000000bc500000)
 Metaspace       used 124402K, capacity 132353K, committed 138136K, reserved 1169408K
  class space    used 14812K, capacity 16148K, committed 17304K, reserved 1048576K
}
Event: 9249.749 GC heap before
{Heap before GC invocations=179 (full 13):
 PSYoungGen      total 442368K, used 442363K [0x00000000e0000000, 0x0000000100000000, 0x0000000100000000)
  eden space 411648K, 100% used [0x00000000e0000000,0x00000000f9200000,0x00000000f9200000)
  from space 30720K, 99% used [0x00000000fe200000,0x00000000ffffedb0,0x0000000100000000)
  to   space 56320K, 0% used [0x00000000f9200000,0x00000000f9200000,0x00000000fc900000)
 ParOldGen       total 463872K, used 354470K [0x00000000a0000000, 0x00000000bc500000, 0x00000000e0000000)
  object space 463872K, 76% used [0x00000000a0000000,0x00000000b5a298a8,0x00000000bc500000)
 Metaspace       used 124404K, capacity 132353K, committed 138136K, reserved 1169408K
  class space    used 14812K, capacity 16148K, committed 17304K, reserved 1048576K
Event: 9249.939 GC heap after
Heap after GC invocations=179 (full 13):
 PSYoungGen      total 467968K, used 56291K [0x00000000e0000000, 0x0000000100000000, 0x0000000100000000)
  eden space 411648K, 0% used [0x00000000e0000000,0x00000000e0000000,0x00000000f9200000)
  from space 56320K, 99% used [0x00000000f9200000,0x00000000fc8f8c28,0x00000000fc900000)
  to   space 56320K, 0% used [0x00000000fc900000,0x00000000fc900000,0x0000000100000000)
 ParOldGen       total 463872K, used 456295K [0x00000000a0000000, 0x00000000bc500000, 0x00000000e0000000)
  object space 463872K, 98% used [0x00000000a0000000,0x00000000bbd99fc0,0x00000000bc500000)
 Metaspace       used 124404K, capacity 132353K, committed 138136K, reserved 1169408K
  class space    used 14812K, capacity 16148K, committed 17304K, reserved 1048576K
}
Event: 9249.956 GC heap before
{Heap before GC invocations=180 (full 14):
 PSYoungGen      total 467968K, used 56291K [0x00000000e0000000, 0x0000000100000000, 0x0000000100000000)
  eden space 411648K, 0% used [0x00000000e0000000,0x00000000e0000000,0x00000000f9200000)
  from space 56320K, 99% used [0x00000000f9200000,0x00000000fc8f8c28,0x00000000fc900000)
  to   space 56320K, 0% used [0x00000000fc900000,0x00000000fc900000,0x0000000100000000)
 ParOldGen       total 463872K, used 456295K [0x00000000a0000000, 0x00000000bc500000, 0x00000000e0000000)
  object space 463872K, 98% used [0x00000000a0000000,0x00000000bbd99fc0,0x00000000bc500000)
 Metaspace       used 124404K, capacity 132353K, committed 138136K, reserved 1169408K
  class space    used 14812K, capacity 16148K, committed 17304K, reserved 1048576K

